<?xml version="1.0" encoding="UTF-8"?>
<testng-results ignored="0" total="1" passed="1" failed="0" skipped="0">
  <reporter-output>
  </reporter-output>
  <suite started-at="2023-07-02T14:44:23 PDT" name="Default suite" finished-at="2023-07-02T14:44:40 PDT" duration-ms="16488">
    <groups>
    </groups>
    <test started-at="2023-07-02T14:44:23 PDT" name="Default test" finished-at="2023-07-02T14:44:40 PDT" duration-ms="16488">
      <class name="handlingpopups.MultiplePopups">
        <test-method signature="MultiplePopups()[pri:0, instance:handlingpopups.MultiplePopups@32ee6fee]" started-at="2023-07-02T14:44:24 PDT" name="MultiplePopups" finished-at="2023-07-02T14:44:40 PDT" duration-ms="16424" status="PASS">
          <reporter-output>
          </reporter-output>
        </test-method> <!-- MultiplePopups -->
      </class> <!-- handlingpopups.MultiplePopups -->
    </test> <!-- Default test -->
  </suite> <!-- Default suite -->
</testng-results>
